ARM GAS  /var/folders/2d/mv7wzxg53m36fj1flyq1gqvm0000gn/T//ccYN6l4r.s 			page 1


   1              		.cpu arm1176jz-s
   2              		.fpu softvfp
   3              		.eabi_attribute 20, 1
   4              		.eabi_attribute 21, 1
   5              		.eabi_attribute 23, 3
   6              		.eabi_attribute 24, 1
   7              		.eabi_attribute 25, 1
   8              		.eabi_attribute 26, 1
   9              		.eabi_attribute 30, 2
  10              		.eabi_attribute 34, 1
  11              		.eabi_attribute 18, 4
  12              		.file	"chcore.c"
  13              		.text
  14              	.Ltext0:
  15              		.cfi_sections	.debug_frame
  16              		.section	.text.port_halt,"ax",%progbits
  17              		.align	2
  18              		.weak	port_halt
  19              		.type	port_halt, %function
  20              	port_halt:
  21              	.LFB7:
  22              		.file 1 "../../os/ports/GCC/ARM/chcore.c"
  23              		.loc 1 37 0
  24              		.cfi_startproc
  25              		@ args = 0, pretend = 0, frame = 0
  26              		@ frame_needed = 0, uses_anonymous_args = 0
  27              		@ link register save eliminated.
  28              		.loc 1 39 0
  29              	@ 39 "../../os/ports/GCC/ARM/chcore.c" 1
  30 0000 00300FE1 		mrs     r3, CPSR                       
  31 0004 803083E3 		orr     r3, #0x80                      
  32 0008 03F021E1 		msr     CPSR_c, r3                     
  33 000c 403083E3 		orr     r3, #0x40                      
  34 0010 03F021E1 		msr     CPSR_c, r3
  35              	@ 0 "" 2
  36              	.L2:
  37              		.loc 1 41 0 discriminator 1
  38 0014 FEFFFFEA 		b	.L2
  39              		.cfi_endproc
  40              	.LFE7:
  41              		.size	port_halt, .-port_halt
  42              		.text
  43              	.Letext0:
  44              		.section	.debug_info,"",%progbits
  45              	.Ldebug_info0:
  46 0000 87000000 		.4byte	0x87
  47 0004 0400     		.2byte	0x4
  48 0006 00000000 		.4byte	.Ldebug_abbrev0
  49 000a 04       		.byte	0x4
  50 000b 01       		.uleb128 0x1
  51 000c 2E000000 		.4byte	.LASF11
  52 0010 01       		.byte	0x1
  53 0011 6A010000 		.4byte	.LASF12
  54 0015 26010000 		.4byte	.LASF13
  55 0019 00000000 		.4byte	.Ldebug_ranges0+0
  56 001d 00000000 		.4byte	0
  57 0021 00000000 		.4byte	.Ldebug_line0
ARM GAS  /var/folders/2d/mv7wzxg53m36fj1flyq1gqvm0000gn/T//ccYN6l4r.s 			page 2


  58 0025 02       		.uleb128 0x2
  59 0026 04       		.byte	0x4
  60 0027 05       		.byte	0x5
  61 0028 696E7400 		.ascii	"int\000"
  62 002c 03       		.uleb128 0x3
  63 002d 04       		.byte	0x4
  64 002e 07       		.byte	0x7
  65 002f 21000000 		.4byte	.LASF0
  66 0033 03       		.uleb128 0x3
  67 0034 01       		.byte	0x1
  68 0035 06       		.byte	0x6
  69 0036 54010000 		.4byte	.LASF1
  70 003a 03       		.uleb128 0x3
  71 003b 01       		.byte	0x1
  72 003c 08       		.byte	0x8
  73 003d 0A010000 		.4byte	.LASF2
  74 0041 03       		.uleb128 0x3
  75 0042 02       		.byte	0x2
  76 0043 05       		.byte	0x5
  77 0044 8A010000 		.4byte	.LASF3
  78 0048 03       		.uleb128 0x3
  79 0049 02       		.byte	0x2
  80 004a 07       		.byte	0x7
  81 004b 0E000000 		.4byte	.LASF4
  82 004f 03       		.uleb128 0x3
  83 0050 04       		.byte	0x4
  84 0051 05       		.byte	0x5
  85 0052 1D010000 		.4byte	.LASF5
  86 0056 03       		.uleb128 0x3
  87 0057 04       		.byte	0x4
  88 0058 07       		.byte	0x7
  89 0059 E1000000 		.4byte	.LASF6
  90 005d 03       		.uleb128 0x3
  91 005e 08       		.byte	0x8
  92 005f 05       		.byte	0x5
  93 0060 00000000 		.4byte	.LASF7
  94 0064 03       		.uleb128 0x3
  95 0065 08       		.byte	0x8
  96 0066 07       		.byte	0x7
  97 0067 F3000000 		.4byte	.LASF8
  98 006b 03       		.uleb128 0x3
  99 006c 01       		.byte	0x1
 100 006d 08       		.byte	0x8
 101 006e 18010000 		.4byte	.LASF9
 102 0072 03       		.uleb128 0x3
 103 0073 04       		.byte	0x4
 104 0074 07       		.byte	0x7
 105 0075 94010000 		.4byte	.LASF10
 106 0079 04       		.uleb128 0x4
 107 007a 60010000 		.4byte	.LASF14
 108 007e 01       		.byte	0x1
 109 007f 25       		.byte	0x25
 110 0080 00000000 		.4byte	.LFB7
 111 0084 18000000 		.4byte	.LFE7-.LFB7
 112 0088 01       		.uleb128 0x1
 113 0089 9C       		.byte	0x9c
 114 008a 00       		.byte	0
ARM GAS  /var/folders/2d/mv7wzxg53m36fj1flyq1gqvm0000gn/T//ccYN6l4r.s 			page 3


 115              		.section	.debug_abbrev,"",%progbits
 116              	.Ldebug_abbrev0:
 117 0000 01       		.uleb128 0x1
 118 0001 11       		.uleb128 0x11
 119 0002 01       		.byte	0x1
 120 0003 25       		.uleb128 0x25
 121 0004 0E       		.uleb128 0xe
 122 0005 13       		.uleb128 0x13
 123 0006 0B       		.uleb128 0xb
 124 0007 03       		.uleb128 0x3
 125 0008 0E       		.uleb128 0xe
 126 0009 1B       		.uleb128 0x1b
 127 000a 0E       		.uleb128 0xe
 128 000b 55       		.uleb128 0x55
 129 000c 17       		.uleb128 0x17
 130 000d 11       		.uleb128 0x11
 131 000e 01       		.uleb128 0x1
 132 000f 10       		.uleb128 0x10
 133 0010 17       		.uleb128 0x17
 134 0011 00       		.byte	0
 135 0012 00       		.byte	0
 136 0013 02       		.uleb128 0x2
 137 0014 24       		.uleb128 0x24
 138 0015 00       		.byte	0
 139 0016 0B       		.uleb128 0xb
 140 0017 0B       		.uleb128 0xb
 141 0018 3E       		.uleb128 0x3e
 142 0019 0B       		.uleb128 0xb
 143 001a 03       		.uleb128 0x3
 144 001b 08       		.uleb128 0x8
 145 001c 00       		.byte	0
 146 001d 00       		.byte	0
 147 001e 03       		.uleb128 0x3
 148 001f 24       		.uleb128 0x24
 149 0020 00       		.byte	0
 150 0021 0B       		.uleb128 0xb
 151 0022 0B       		.uleb128 0xb
 152 0023 3E       		.uleb128 0x3e
 153 0024 0B       		.uleb128 0xb
 154 0025 03       		.uleb128 0x3
 155 0026 0E       		.uleb128 0xe
 156 0027 00       		.byte	0
 157 0028 00       		.byte	0
 158 0029 04       		.uleb128 0x4
 159 002a 2E       		.uleb128 0x2e
 160 002b 00       		.byte	0
 161 002c 3F       		.uleb128 0x3f
 162 002d 19       		.uleb128 0x19
 163 002e 03       		.uleb128 0x3
 164 002f 0E       		.uleb128 0xe
 165 0030 3A       		.uleb128 0x3a
 166 0031 0B       		.uleb128 0xb
 167 0032 3B       		.uleb128 0x3b
 168 0033 0B       		.uleb128 0xb
 169 0034 27       		.uleb128 0x27
 170 0035 19       		.uleb128 0x19
 171 0036 11       		.uleb128 0x11
ARM GAS  /var/folders/2d/mv7wzxg53m36fj1flyq1gqvm0000gn/T//ccYN6l4r.s 			page 4


 172 0037 01       		.uleb128 0x1
 173 0038 12       		.uleb128 0x12
 174 0039 06       		.uleb128 0x6
 175 003a 40       		.uleb128 0x40
 176 003b 18       		.uleb128 0x18
 177 003c 9742     		.uleb128 0x2117
 178 003e 19       		.uleb128 0x19
 179 003f 00       		.byte	0
 180 0040 00       		.byte	0
 181 0041 00       		.byte	0
 182              		.section	.debug_aranges,"",%progbits
 183 0000 1C000000 		.4byte	0x1c
 184 0004 0200     		.2byte	0x2
 185 0006 00000000 		.4byte	.Ldebug_info0
 186 000a 04       		.byte	0x4
 187 000b 00       		.byte	0
 188 000c 0000     		.2byte	0
 189 000e 0000     		.2byte	0
 190 0010 00000000 		.4byte	.LFB7
 191 0014 18000000 		.4byte	.LFE7-.LFB7
 192 0018 00000000 		.4byte	0
 193 001c 00000000 		.4byte	0
 194              		.section	.debug_ranges,"",%progbits
 195              	.Ldebug_ranges0:
 196 0000 00000000 		.4byte	.LFB7
 197 0004 18000000 		.4byte	.LFE7
 198 0008 00000000 		.4byte	0
 199 000c 00000000 		.4byte	0
 200              		.section	.debug_line,"",%progbits
 201              	.Ldebug_line0:
 202 0000 51000000 		.section	.debug_str,"MS",%progbits,1
 202      02003600 
 202      00000201 
 202      FB0E0D00 
 202      01010101 
 203              	.LASF7:
 204 0000 6C6F6E67 		.ascii	"long long int\000"
 204      206C6F6E 
 204      6720696E 
 204      7400
 205              	.LASF4:
 206 000e 73686F72 		.ascii	"short unsigned int\000"
 206      7420756E 
 206      7369676E 
 206      65642069 
 206      6E7400
 207              	.LASF0:
 208 0021 756E7369 		.ascii	"unsigned int\000"
 208      676E6564 
 208      20696E74 
 208      00
 209              	.LASF11:
 210 002e 474E5520 		.ascii	"GNU C 4.9.3 20150529 (release) [ARM/embedded-4_9-br"
 210      4320342E 
 210      392E3320 
 210      32303135 
 210      30353239 
ARM GAS  /var/folders/2d/mv7wzxg53m36fj1flyq1gqvm0000gn/T//ccYN6l4r.s 			page 5


 211 0061 616E6368 		.ascii	"anch revision 227977] -mcpu=arm1176jz-s -mno-thumb-"
 211      20726576 
 211      6973696F 
 211      6E203232 
 211      37393737 
 212 0094 696E7465 		.ascii	"interwork -ggdb -O2 -fomit-frame-pointer -ffunction"
 212      72776F72 
 212      6B202D67 
 212      67646220 
 212      2D4F3220 
 213 00c7 2D736563 		.ascii	"-sections -fdata-sections\000"
 213      74696F6E 
 213      73202D66 
 213      64617461 
 213      2D736563 
 214              	.LASF6:
 215 00e1 6C6F6E67 		.ascii	"long unsigned int\000"
 215      20756E73 
 215      69676E65 
 215      6420696E 
 215      7400
 216              	.LASF8:
 217 00f3 6C6F6E67 		.ascii	"long long unsigned int\000"
 217      206C6F6E 
 217      6720756E 
 217      7369676E 
 217      65642069 
 218              	.LASF2:
 219 010a 756E7369 		.ascii	"unsigned char\000"
 219      676E6564 
 219      20636861 
 219      7200
 220              	.LASF9:
 221 0118 63686172 		.ascii	"char\000"
 221      00
 222              	.LASF5:
 223 011d 6C6F6E67 		.ascii	"long int\000"
 223      20696E74 
 223      00
 224              	.LASF13:
 225 0126 2F557365 		.ascii	"/Users/arnaubena/ChibiOS-RPi/demos/Serial_LCD\000"
 225      72732F61 
 225      726E6175 
 225      62656E61 
 225      2F436869 
 226              	.LASF1:
 227 0154 7369676E 		.ascii	"signed char\000"
 227      65642063 
 227      68617200 
 228              	.LASF14:
 229 0160 706F7274 		.ascii	"port_halt\000"
 229      5F68616C 
 229      7400
 230              	.LASF12:
 231 016a 2E2E2F2E 		.ascii	"../../os/ports/GCC/ARM/chcore.c\000"
 231      2E2F6F73 
 231      2F706F72 
ARM GAS  /var/folders/2d/mv7wzxg53m36fj1flyq1gqvm0000gn/T//ccYN6l4r.s 			page 6


 231      74732F47 
 231      43432F41 
 232              	.LASF3:
 233 018a 73686F72 		.ascii	"short int\000"
 233      7420696E 
 233      7400
 234              	.LASF10:
 235 0194 73697A65 		.ascii	"sizetype\000"
 235      74797065 
 235      00
 236              		.ident	"GCC: (GNU Tools for ARM Embedded Processors) 4.9.3 20150529 (release) [ARM/embedded-4_9-br
ARM GAS  /var/folders/2d/mv7wzxg53m36fj1flyq1gqvm0000gn/T//ccYN6l4r.s 			page 7


DEFINED SYMBOLS
                            *ABS*:0000000000000000 chcore.c
/var/folders/2d/mv7wzxg53m36fj1flyq1gqvm0000gn/T//ccYN6l4r.s:17     .text.port_halt:0000000000000000 $a
/var/folders/2d/mv7wzxg53m36fj1flyq1gqvm0000gn/T//ccYN6l4r.s:20     .text.port_halt:0000000000000000 port_halt
                     .debug_frame:0000000000000010 $d

NO UNDEFINED SYMBOLS
