ARM GAS  /var/folders/2d/mv7wzxg53m36fj1flyq1gqvm0000gn/T//cc644I1o.s 			page 1


   1              		.cpu arm1176jz-s
   2              		.fpu softvfp
   3              		.eabi_attribute 20, 1
   4              		.eabi_attribute 21, 1
   5              		.eabi_attribute 23, 3
   6              		.eabi_attribute 24, 1
   7              		.eabi_attribute 25, 1
   8              		.eabi_attribute 26, 1
   9              		.eabi_attribute 30, 2
  10              		.eabi_attribute 34, 1
  11              		.eabi_attribute 18, 4
  12              		.file	"serial_usb.c"
  13              		.text
  14              	.Ltext0:
  15              		.cfi_sections	.debug_frame
  16              	.Letext0:
  17              		.section	.debug_info,"",%progbits
  18              	.Ldebug_info0:
  19 0000 6E000000 		.4byte	0x6e
  20 0004 0400     		.2byte	0x4
  21 0006 00000000 		.4byte	.Ldebug_abbrev0
  22 000a 04       		.byte	0x4
  23 000b 01       		.uleb128 0x1
  24 000c 6B000000 		.4byte	.LASF11
  25 0010 01       		.byte	0x1
  26 0011 00000000 		.4byte	.LASF12
  27 0015 1E000000 		.4byte	.LASF13
  28 0019 00000000 		.4byte	.Ldebug_line0
  29 001d 02       		.uleb128 0x2
  30 001e 04       		.byte	0x4
  31 001f 05       		.byte	0x5
  32 0020 696E7400 		.ascii	"int\000"
  33 0024 03       		.uleb128 0x3
  34 0025 04       		.byte	0x4
  35 0026 07       		.byte	0x7
  36 0027 4C000000 		.4byte	.LASF0
  37 002b 03       		.uleb128 0x3
  38 002c 01       		.byte	0x1
  39 002d 06       		.byte	0x6
  40 002e 1E010000 		.4byte	.LASF1
  41 0032 03       		.uleb128 0x3
  42 0033 01       		.byte	0x1
  43 0034 08       		.byte	0x8
  44 0035 5E010000 		.4byte	.LASF2
  45 0039 03       		.uleb128 0x3
  46 003a 02       		.byte	0x2
  47 003b 05       		.byte	0x5
  48 003c 3D010000 		.4byte	.LASF3
  49 0040 03       		.uleb128 0x3
  50 0041 02       		.byte	0x2
  51 0042 07       		.byte	0x7
  52 0043 2A010000 		.4byte	.LASF4
  53 0047 03       		.uleb128 0x3
  54 0048 04       		.byte	0x4
  55 0049 05       		.byte	0x5
  56 004a 6C010000 		.4byte	.LASF5
  57 004e 03       		.uleb128 0x3
ARM GAS  /var/folders/2d/mv7wzxg53m36fj1flyq1gqvm0000gn/T//cc644I1o.s 			page 2


  58 004f 04       		.byte	0x4
  59 0050 07       		.byte	0x7
  60 0051 59000000 		.4byte	.LASF6
  61 0055 03       		.uleb128 0x3
  62 0056 08       		.byte	0x8
  63 0057 05       		.byte	0x5
  64 0058 83010000 		.4byte	.LASF7
  65 005c 03       		.uleb128 0x3
  66 005d 08       		.byte	0x8
  67 005e 07       		.byte	0x7
  68 005f 47010000 		.4byte	.LASF8
  69 0063 03       		.uleb128 0x3
  70 0064 01       		.byte	0x1
  71 0065 08       		.byte	0x8
  72 0066 7E010000 		.4byte	.LASF9
  73 006a 03       		.uleb128 0x3
  74 006b 04       		.byte	0x4
  75 006c 07       		.byte	0x7
  76 006d 75010000 		.4byte	.LASF10
  77 0071 00       		.byte	0
  78              		.section	.debug_abbrev,"",%progbits
  79              	.Ldebug_abbrev0:
  80 0000 01       		.uleb128 0x1
  81 0001 11       		.uleb128 0x11
  82 0002 01       		.byte	0x1
  83 0003 25       		.uleb128 0x25
  84 0004 0E       		.uleb128 0xe
  85 0005 13       		.uleb128 0x13
  86 0006 0B       		.uleb128 0xb
  87 0007 03       		.uleb128 0x3
  88 0008 0E       		.uleb128 0xe
  89 0009 1B       		.uleb128 0x1b
  90 000a 0E       		.uleb128 0xe
  91 000b 10       		.uleb128 0x10
  92 000c 17       		.uleb128 0x17
  93 000d 00       		.byte	0
  94 000e 00       		.byte	0
  95 000f 02       		.uleb128 0x2
  96 0010 24       		.uleb128 0x24
  97 0011 00       		.byte	0
  98 0012 0B       		.uleb128 0xb
  99 0013 0B       		.uleb128 0xb
 100 0014 3E       		.uleb128 0x3e
 101 0015 0B       		.uleb128 0xb
 102 0016 03       		.uleb128 0x3
 103 0017 08       		.uleb128 0x8
 104 0018 00       		.byte	0
 105 0019 00       		.byte	0
 106 001a 03       		.uleb128 0x3
 107 001b 24       		.uleb128 0x24
 108 001c 00       		.byte	0
 109 001d 0B       		.uleb128 0xb
 110 001e 0B       		.uleb128 0xb
 111 001f 3E       		.uleb128 0x3e
 112 0020 0B       		.uleb128 0xb
 113 0021 03       		.uleb128 0x3
 114 0022 0E       		.uleb128 0xe
ARM GAS  /var/folders/2d/mv7wzxg53m36fj1flyq1gqvm0000gn/T//cc644I1o.s 			page 3


 115 0023 00       		.byte	0
 116 0024 00       		.byte	0
 117 0025 00       		.byte	0
 118              		.section	.debug_aranges,"",%progbits
 119 0000 14000000 		.4byte	0x14
 120 0004 0200     		.2byte	0x2
 121 0006 00000000 		.4byte	.Ldebug_info0
 122 000a 04       		.byte	0x4
 123 000b 00       		.byte	0
 124 000c 0000     		.2byte	0
 125 000e 0000     		.2byte	0
 126 0010 00000000 		.4byte	0
 127 0014 00000000 		.4byte	0
 128              		.section	.debug_line,"",%progbits
 129              	.Ldebug_line0:
 130 0000 19000000 		.section	.debug_str,"MS",%progbits,1
 130      02001300 
 130      00000201 
 130      FB0E0D00 
 130      01010101 
 131              	.LASF12:
 132 0000 2E2E2F2E 		.ascii	"../../os/hal/src/serial_usb.c\000"
 132      2E2F6F73 
 132      2F68616C 
 132      2F737263 
 132      2F736572 
 133              	.LASF13:
 134 001e 2F557365 		.ascii	"/Users/arnaubena/ChibiOS-RPi/demos/Serial_LCD\000"
 134      72732F61 
 134      726E6175 
 134      62656E61 
 134      2F436869 
 135              	.LASF0:
 136 004c 756E7369 		.ascii	"unsigned int\000"
 136      676E6564 
 136      20696E74 
 136      00
 137              	.LASF6:
 138 0059 6C6F6E67 		.ascii	"long unsigned int\000"
 138      20756E73 
 138      69676E65 
 138      6420696E 
 138      7400
 139              	.LASF11:
 140 006b 474E5520 		.ascii	"GNU C 4.9.3 20150529 (release) [ARM/embedded-4_9-br"
 140      4320342E 
 140      392E3320 
 140      32303135 
 140      30353239 
 141 009e 616E6368 		.ascii	"anch revision 227977] -mcpu=arm1176jz-s -mno-thumb-"
 141      20726576 
 141      6973696F 
 141      6E203232 
 141      37393737 
 142 00d1 696E7465 		.ascii	"interwork -ggdb -O2 -fomit-frame-pointer -ffunction"
 142      72776F72 
 142      6B202D67 
ARM GAS  /var/folders/2d/mv7wzxg53m36fj1flyq1gqvm0000gn/T//cc644I1o.s 			page 4


 142      67646220 
 142      2D4F3220 
 143 0104 2D736563 		.ascii	"-sections -fdata-sections\000"
 143      74696F6E 
 143      73202D66 
 143      64617461 
 143      2D736563 
 144              	.LASF1:
 145 011e 7369676E 		.ascii	"signed char\000"
 145      65642063 
 145      68617200 
 146              	.LASF4:
 147 012a 73686F72 		.ascii	"short unsigned int\000"
 147      7420756E 
 147      7369676E 
 147      65642069 
 147      6E7400
 148              	.LASF3:
 149 013d 73686F72 		.ascii	"short int\000"
 149      7420696E 
 149      7400
 150              	.LASF8:
 151 0147 6C6F6E67 		.ascii	"long long unsigned int\000"
 151      206C6F6E 
 151      6720756E 
 151      7369676E 
 151      65642069 
 152              	.LASF2:
 153 015e 756E7369 		.ascii	"unsigned char\000"
 153      676E6564 
 153      20636861 
 153      7200
 154              	.LASF5:
 155 016c 6C6F6E67 		.ascii	"long int\000"
 155      20696E74 
 155      00
 156              	.LASF10:
 157 0175 73697A65 		.ascii	"sizetype\000"
 157      74797065 
 157      00
 158              	.LASF9:
 159 017e 63686172 		.ascii	"char\000"
 159      00
 160              	.LASF7:
 161 0183 6C6F6E67 		.ascii	"long long int\000"
 161      206C6F6E 
 161      6720696E 
 161      7400
 162              		.ident	"GCC: (GNU Tools for ARM Embedded Processors) 4.9.3 20150529 (release) [ARM/embedded-4_9-br
ARM GAS  /var/folders/2d/mv7wzxg53m36fj1flyq1gqvm0000gn/T//cc644I1o.s 			page 5


DEFINED SYMBOLS
                            *ABS*:0000000000000000 serial_usb.c

NO UNDEFINED SYMBOLS
